<?xml version="1.0" encoding="UTF-8"?>
<!-- Generated by org.testng.reporters.JUnitReportReporter -->
<testsuite hostname="DESKTOP-6CMA1NI" failures="0" tests="1" name="testNGpackage.Demosite" time="0.000" errors="0" timestamp="2023-09-15T11:20:30 IST" skipped="1">
  <testcase classname="testNGpackage.Demosite" name="test1" time="0.000">
    <skipped/>
  </testcase> <!-- test1 -->
  <system-out/>
</testsuite> <!-- testNGpackage.Demosite -->
