<?xml version="1.0" encoding="UTF-8"?>
<!-- Generated by org.testng.reporters.JUnitReportReporter -->
<testsuite hostname="DESKTOP-6CMA1NI" failures="0" tests="1" name="testNGpackage.RobotClassFileUpload" time="20.151" errors="0" timestamp="2023-09-17T13:45:27 IST" skipped="0">
  <testcase classname="testNGpackage.RobotClassFileUpload" name="fileuploadpgm" time="20.151"/>
  <system-out/>
</testsuite> <!-- testNGpackage.RobotClassFileUpload -->
