<?xml version="1.0" encoding="UTF-8"?>
<!-- Generated by org.testng.reporters.JUnitReportReporter -->
<testsuite hostname="DESKTOP-6CMA1NI" failures="0" tests="1" name="test.Fblogintest" time="0.558" errors="0" timestamp="2023-09-20T12:04:01 IST" skipped="0">
  <testcase classname="test.Fblogintest" name="fbtest" time="0.558"/>
  <system-out/>
</testsuite> <!-- test.Fblogintest -->
