<?xml version="1.0" encoding="UTF-8"?>
<!-- Generated by org.testng.reporters.JUnitReportReporter -->
<testsuite hostname="DESKTOP-6CMA1NI" failures="0" tests="1" name="testNGpackage.Parameterization" time="0.205" errors="0" timestamp="2023-09-15T11:21:50 IST" skipped="0">
  <testcase classname="testNGpackage.Parameterization" name="test1" time="0.205"/>
  <system-out/>
</testsuite> <!-- testNGpackage.Parameterization -->
